{"C:\\Users\\LENOVO\\Documents\\GitHub\\clean-code-refactoring\\src\\schoolRefactored.ts": {"path":"C:\\Users\\LENOVO\\Documents\\GitHub\\clean-code-refactoring\\src\\schoolRefactored.ts","all":false,"statementMap":{"0":{"start":{"line":1,"column":0},"end":{"line":1,"column":27}},"1":{"start":{"line":2,"column":0},"end":{"line":2,"column":13}},"2":{"start":{"line":3,"column":0},"end":{"line":3,"column":21}},"3":{"start":{"line":4,"column":0},"end":{"line":4,"column":1}},"4":{"start":{"line":5,"column":0},"end":{"line":5,"column":0}},"5":{"start":{"line":6,"column":0},"end":{"line":6,"column":21}},"6":{"start":{"line":7,"column":0},"end":{"line":7,"column":46}},"7":{"start":{"line":8,"column":0},"end":{"line":8,"column":0}},"8":{"start":{"line":9,"column":0},"end":{"line":9,"column":17}},"9":{"start":{"line":10,"column":0},"end":{"line":10,"column":0}},"10":{"start":{"line":11,"column":0},"end":{"line":11,"column":43}},"11":{"start":{"line":12,"column":0},"end":{"line":12,"column":27}},"12":{"start":{"line":13,"column":0},"end":{"line":13,"column":31}},"13":{"start":{"line":14,"column":0},"end":{"line":14,"column":47}},"14":{"start":{"line":15,"column":0},"end":{"line":15,"column":3}},"15":{"start":{"line":16,"column":0},"end":{"line":16,"column":42}},"16":{"start":{"line":17,"column":0},"end":{"line":17,"column":2}},"17":{"start":{"line":18,"column":0},"end":{"line":18,"column":0}},"18":{"start":{"line":19,"column":0},"end":{"line":19,"column":40}},"19":{"start":{"line":20,"column":0},"end":{"line":20,"column":27}},"20":{"start":{"line":21,"column":0},"end":{"line":21,"column":2}},"21":{"start":{"line":22,"column":0},"end":{"line":22,"column":0}},"22":{"start":{"line":23,"column":0},"end":{"line":23,"column":28}},"23":{"start":{"line":24,"column":0},"end":{"line":24,"column":64}},"24":{"start":{"line":25,"column":0},"end":{"line":25,"column":46}},"25":{"start":{"line":26,"column":0},"end":{"line":26,"column":7}},"26":{"start":{"line":27,"column":0},"end":{"line":27,"column":2}},"27":{"start":{"line":28,"column":0},"end":{"line":28,"column":1}},"28":{"start":{"line":29,"column":0},"end":{"line":29,"column":0}},"29":{"start":{"line":30,"column":0},"end":{"line":30,"column":26}},"30":{"start":{"line":31,"column":0},"end":{"line":31,"column":21}},"31":{"start":{"line":32,"column":0},"end":{"line":32,"column":33}},"32":{"start":{"line":33,"column":0},"end":{"line":33,"column":0}},"33":{"start":{"line":34,"column":0},"end":{"line":34,"column":28}},"34":{"start":{"line":35,"column":0},"end":{"line":35,"column":18}},"35":{"start":{"line":36,"column":0},"end":{"line":36,"column":2}},"36":{"start":{"line":37,"column":0},"end":{"line":37,"column":0}},"37":{"start":{"line":38,"column":0},"end":{"line":38,"column":37}},"38":{"start":{"line":39,"column":0},"end":{"line":39,"column":29}},"39":{"start":{"line":40,"column":0},"end":{"line":40,"column":2}},"40":{"start":{"line":41,"column":0},"end":{"line":41,"column":0}},"41":{"start":{"line":42,"column":0},"end":{"line":42,"column":20}},"42":{"start":{"line":43,"column":0},"end":{"line":43,"column":18}},"43":{"start":{"line":44,"column":0},"end":{"line":44,"column":2}},"44":{"start":{"line":45,"column":0},"end":{"line":45,"column":0}},"45":{"start":{"line":46,"column":0},"end":{"line":46,"column":27}},"46":{"start":{"line":47,"column":0},"end":{"line":47,"column":22}},"47":{"start":{"line":48,"column":0},"end":{"line":48,"column":2}},"48":{"start":{"line":49,"column":0},"end":{"line":49,"column":0}},"49":{"start":{"line":50,"column":0},"end":{"line":50,"column":28}},"50":{"start":{"line":51,"column":0},"end":{"line":51,"column":34}},"51":{"start":{"line":52,"column":0},"end":{"line":52,"column":2}},"52":{"start":{"line":53,"column":0},"end":{"line":53,"column":1}},"53":{"start":{"line":54,"column":0},"end":{"line":54,"column":0}},"54":{"start":{"line":55,"column":0},"end":{"line":55,"column":22}},"55":{"start":{"line":56,"column":0},"end":{"line":56,"column":21}},"56":{"start":{"line":57,"column":0},"end":{"line":57,"column":0}},"57":{"start":{"line":58,"column":0},"end":{"line":58,"column":28}},"58":{"start":{"line":59,"column":0},"end":{"line":59,"column":18}},"59":{"start":{"line":60,"column":0},"end":{"line":60,"column":2}},"60":{"start":{"line":61,"column":0},"end":{"line":61,"column":0}},"61":{"start":{"line":62,"column":0},"end":{"line":62,"column":20}},"62":{"start":{"line":63,"column":0},"end":{"line":63,"column":18}},"63":{"start":{"line":64,"column":0},"end":{"line":64,"column":2}},"64":{"start":{"line":65,"column":0},"end":{"line":65,"column":1}}},"s":{"0":1,"1":1,"2":1,"3":1,"4":1,"5":1,"6":1,"7":1,"8":1,"9":1,"10":1,"11":3,"12":3,"13":3,"14":3,"15":3,"16":3,"17":1,"18":1,"19":1,"20":1,"21":1,"22":1,"23":1,"24":2,"25":1,"26":1,"27":1,"28":1,"29":1,"30":1,"31":1,"32":1,"33":1,"34":4,"35":4,"36":1,"37":1,"38":6,"39":6,"40":1,"41":1,"42":0,"43":0,"44":1,"45":1,"46":4,"47":4,"48":1,"49":1,"50":2,"51":2,"52":1,"53":1,"54":1,"55":1,"56":1,"57":1,"58":8,"59":8,"60":1,"61":1,"62":0,"63":0,"64":1},"branchMap":{"0":{"type":"branch","line":9,"loc":{"start":{"line":9,"column":1},"end":{"line":9,"column":17}},"locations":[{"start":{"line":9,"column":1},"end":{"line":9,"column":17}}]},"1":{"type":"branch","line":11,"loc":{"start":{"line":11,"column":1},"end":{"line":17,"column":2}},"locations":[{"start":{"line":11,"column":1},"end":{"line":17,"column":2}}]},"2":{"type":"branch","line":19,"loc":{"start":{"line":19,"column":1},"end":{"line":21,"column":2}},"locations":[{"start":{"line":19,"column":1},"end":{"line":21,"column":2}}]},"3":{"type":"branch","line":23,"loc":{"start":{"line":23,"column":1},"end":{"line":27,"column":2}},"locations":[{"start":{"line":23,"column":1},"end":{"line":27,"column":2}}]},"4":{"type":"branch","line":24,"loc":{"start":{"line":24,"column":35},"end":{"line":26,"column":3}},"locations":[{"start":{"line":24,"column":35},"end":{"line":26,"column":3}}]},"5":{"type":"branch","line":34,"loc":{"start":{"line":34,"column":1},"end":{"line":36,"column":2}},"locations":[{"start":{"line":34,"column":1},"end":{"line":36,"column":2}}]},"6":{"type":"branch","line":38,"loc":{"start":{"line":38,"column":1},"end":{"line":40,"column":2}},"locations":[{"start":{"line":38,"column":1},"end":{"line":40,"column":2}}]},"7":{"type":"branch","line":46,"loc":{"start":{"line":46,"column":1},"end":{"line":48,"column":2}},"locations":[{"start":{"line":46,"column":1},"end":{"line":48,"column":2}}]},"8":{"type":"branch","line":50,"loc":{"start":{"line":50,"column":1},"end":{"line":52,"column":2}},"locations":[{"start":{"line":50,"column":1},"end":{"line":52,"column":2}}]},"9":{"type":"branch","line":58,"loc":{"start":{"line":58,"column":1},"end":{"line":60,"column":2}},"locations":[{"start":{"line":58,"column":1},"end":{"line":60,"column":2}}]}},"b":{"0":[6],"1":[3],"2":[1],"3":[1],"4":[2],"5":[4],"6":[6],"7":[4],"8":[2],"9":[8]},"fnMap":{"0":{"name":"School","decl":{"start":{"line":9,"column":1},"end":{"line":9,"column":17}},"loc":{"start":{"line":9,"column":1},"end":{"line":9,"column":17}},"line":9},"1":{"name":"addClass","decl":{"start":{"line":11,"column":1},"end":{"line":17,"column":2}},"loc":{"start":{"line":11,"column":1},"end":{"line":17,"column":2}},"line":11},"2":{"name":"getSchoolClasses","decl":{"start":{"line":19,"column":1},"end":{"line":21,"column":2}},"loc":{"start":{"line":19,"column":1},"end":{"line":21,"column":2}},"line":19},"3":{"name":"getStudentCount","decl":{"start":{"line":23,"column":1},"end":{"line":27,"column":2}},"loc":{"start":{"line":23,"column":1},"end":{"line":27,"column":2}},"line":23},"4":{"name":"SchoolClass","decl":{"start":{"line":34,"column":1},"end":{"line":36,"column":2}},"loc":{"start":{"line":34,"column":1},"end":{"line":36,"column":2}},"line":34},"5":{"name":"addStudent","decl":{"start":{"line":38,"column":1},"end":{"line":40,"column":2}},"loc":{"start":{"line":38,"column":1},"end":{"line":40,"column":2}},"line":38},"6":{"name":"getName","decl":{"start":{"line":42,"column":1},"end":{"line":44,"column":2}},"loc":{"start":{"line":42,"column":1},"end":{"line":44,"column":2}},"line":42},"7":{"name":"getStudents","decl":{"start":{"line":46,"column":1},"end":{"line":48,"column":2}},"loc":{"start":{"line":46,"column":1},"end":{"line":48,"column":2}},"line":46},"8":{"name":"getStudentCount","decl":{"start":{"line":50,"column":1},"end":{"line":52,"column":2}},"loc":{"start":{"line":50,"column":1},"end":{"line":52,"column":2}},"line":50},"9":{"name":"Student","decl":{"start":{"line":58,"column":1},"end":{"line":60,"column":2}},"loc":{"start":{"line":58,"column":1},"end":{"line":60,"column":2}},"line":58},"10":{"name":"getName","decl":{"start":{"line":62,"column":1},"end":{"line":64,"column":2}},"loc":{"start":{"line":62,"column":1},"end":{"line":64,"column":2}},"line":62}},"f":{"0":6,"1":3,"2":1,"3":1,"4":4,"5":6,"6":0,"7":4,"8":2,"9":8,"10":0}}
}
