{"C:\\Users\\LENOVO\\Documents\\GitHub\\clean-code-refactoring\\src\\employeeManagementSystemRefactored.ts": {"path":"C:\\Users\\LENOVO\\Documents\\GitHub\\clean-code-refactoring\\src\\employeeManagementSystemRefactored.ts","all":false,"statementMap":{"0":{"start":{"line":1,"column":0},"end":{"line":1,"column":39}},"1":{"start":{"line":2,"column":0},"end":{"line":2,"column":35}},"2":{"start":{"line":3,"column":0},"end":{"line":3,"column":0}},"3":{"start":{"line":4,"column":0},"end":{"line":4,"column":17}},"4":{"start":{"line":5,"column":0},"end":{"line":5,"column":0}},"5":{"start":{"line":6,"column":0},"end":{"line":6,"column":47}},"6":{"start":{"line":7,"column":0},"end":{"line":7,"column":50}},"7":{"start":{"line":8,"column":0},"end":{"line":8,"column":31}},"8":{"start":{"line":9,"column":0},"end":{"line":9,"column":2}},"9":{"start":{"line":10,"column":0},"end":{"line":10,"column":0}},"10":{"start":{"line":11,"column":0},"end":{"line":11,"column":36}},"11":{"start":{"line":12,"column":0},"end":{"line":12,"column":23}},"12":{"start":{"line":13,"column":0},"end":{"line":13,"column":2}},"13":{"start":{"line":14,"column":0},"end":{"line":14,"column":0}},"14":{"start":{"line":15,"column":0},"end":{"line":15,"column":41}},"15":{"start":{"line":16,"column":0},"end":{"line":16,"column":22}},"16":{"start":{"line":17,"column":0},"end":{"line":17,"column":0}},"17":{"start":{"line":18,"column":0},"end":{"line":18,"column":42}},"18":{"start":{"line":19,"column":0},"end":{"line":19,"column":45}},"19":{"start":{"line":20,"column":0},"end":{"line":20,"column":3}},"20":{"start":{"line":21,"column":0},"end":{"line":21,"column":21}},"21":{"start":{"line":22,"column":0},"end":{"line":22,"column":2}},"22":{"start":{"line":23,"column":0},"end":{"line":23,"column":0}},"23":{"start":{"line":24,"column":0},"end":{"line":24,"column":35}},"24":{"start":{"line":25,"column":0},"end":{"line":25,"column":43}},"25":{"start":{"line":26,"column":0},"end":{"line":26,"column":32}},"26":{"start":{"line":27,"column":0},"end":{"line":27,"column":2}},"27":{"start":{"line":28,"column":0},"end":{"line":28,"column":0}},"28":{"start":{"line":29,"column":0},"end":{"line":29,"column":51}},"29":{"start":{"line":30,"column":0},"end":{"line":30,"column":44}},"30":{"start":{"line":31,"column":0},"end":{"line":31,"column":2}},"31":{"start":{"line":32,"column":0},"end":{"line":32,"column":1}},"32":{"start":{"line":33,"column":0},"end":{"line":33,"column":0}},"33":{"start":{"line":34,"column":0},"end":{"line":34,"column":23}},"34":{"start":{"line":35,"column":0},"end":{"line":35,"column":21}},"35":{"start":{"line":36,"column":0},"end":{"line":36,"column":23}},"36":{"start":{"line":37,"column":0},"end":{"line":37,"column":0}},"37":{"start":{"line":38,"column":0},"end":{"line":38,"column":44}},"38":{"start":{"line":39,"column":0},"end":{"line":39,"column":18}},"39":{"start":{"line":40,"column":0},"end":{"line":40,"column":22}},"40":{"start":{"line":41,"column":0},"end":{"line":41,"column":2}},"41":{"start":{"line":42,"column":0},"end":{"line":42,"column":0}},"42":{"start":{"line":43,"column":0},"end":{"line":43,"column":27}},"43":{"start":{"line":44,"column":0},"end":{"line":44,"column":18}},"44":{"start":{"line":45,"column":0},"end":{"line":45,"column":2}},"45":{"start":{"line":46,"column":0},"end":{"line":46,"column":0}},"46":{"start":{"line":47,"column":0},"end":{"line":47,"column":35}},"47":{"start":{"line":48,"column":0},"end":{"line":48,"column":20}},"48":{"start":{"line":49,"column":0},"end":{"line":49,"column":2}},"49":{"start":{"line":50,"column":0},"end":{"line":50,"column":1}}},"s":{"0":1,"1":1,"2":1,"3":1,"4":1,"5":1,"6":7,"7":7,"8":7,"9":1,"10":1,"11":3,"12":3,"13":1,"14":1,"15":2,"16":2,"17":2,"18":4,"19":4,"20":2,"21":2,"22":1,"23":1,"24":0,"25":0,"26":0,"27":1,"28":1,"29":0,"30":0,"31":1,"32":1,"33":1,"34":1,"35":1,"36":1,"37":1,"38":10,"39":10,"40":10,"41":1,"42":1,"43":0,"44":0,"45":1,"46":1,"47":4,"48":4,"49":1},"branchMap":{"0":{"type":"branch","line":4,"loc":{"start":{"line":4,"column":1},"end":{"line":4,"column":17}},"locations":[{"start":{"line":4,"column":1},"end":{"line":4,"column":17}}]},"1":{"type":"branch","line":6,"loc":{"start":{"line":6,"column":8},"end":{"line":9,"column":2}},"locations":[{"start":{"line":6,"column":8},"end":{"line":9,"column":2}}]},"2":{"type":"branch","line":11,"loc":{"start":{"line":11,"column":8},"end":{"line":13,"column":2}},"locations":[{"start":{"line":11,"column":8},"end":{"line":13,"column":2}}]},"3":{"type":"branch","line":15,"loc":{"start":{"line":15,"column":8},"end":{"line":22,"column":2}},"locations":[{"start":{"line":15,"column":8},"end":{"line":22,"column":2}}]},"4":{"type":"branch","line":18,"loc":{"start":{"line":18,"column":41},"end":{"line":20,"column":3}},"locations":[{"start":{"line":18,"column":41},"end":{"line":20,"column":3}}]},"5":{"type":"branch","line":38,"loc":{"start":{"line":38,"column":1},"end":{"line":41,"column":2}},"locations":[{"start":{"line":38,"column":1},"end":{"line":41,"column":2}}]},"6":{"type":"branch","line":47,"loc":{"start":{"line":47,"column":8},"end":{"line":49,"column":2}},"locations":[{"start":{"line":47,"column":8},"end":{"line":49,"column":2}}]}},"b":{"0":[5],"1":[7],"2":[3],"3":[2],"4":[4],"5":[10],"6":[4]},"fnMap":{"0":{"name":"EmployeeManagementSystem","decl":{"start":{"line":4,"column":1},"end":{"line":4,"column":17}},"loc":{"start":{"line":4,"column":1},"end":{"line":4,"column":17}},"line":4},"1":{"name":"addEmployee","decl":{"start":{"line":6,"column":8},"end":{"line":9,"column":2}},"loc":{"start":{"line":6,"column":8},"end":{"line":9,"column":2}},"line":6},"2":{"name":"getEmployees","decl":{"start":{"line":11,"column":8},"end":{"line":13,"column":2}},"loc":{"start":{"line":11,"column":8},"end":{"line":13,"column":2}},"line":11},"3":{"name":"calculateTotalPayroll","decl":{"start":{"line":15,"column":8},"end":{"line":22,"column":2}},"loc":{"start":{"line":15,"column":8},"end":{"line":22,"column":2}},"line":15},"4":{"name":"generateReports","decl":{"start":{"line":24,"column":8},"end":{"line":27,"column":2}},"loc":{"start":{"line":24,"column":8},"end":{"line":27,"column":2}},"line":24},"5":{"name":"promoteEmployee","decl":{"start":{"line":29,"column":8},"end":{"line":31,"column":2}},"loc":{"start":{"line":29,"column":8},"end":{"line":31,"column":2}},"line":29},"6":{"name":"Employee","decl":{"start":{"line":38,"column":1},"end":{"line":41,"column":2}},"loc":{"start":{"line":38,"column":1},"end":{"line":41,"column":2}},"line":38},"7":{"name":"getName","decl":{"start":{"line":43,"column":8},"end":{"line":45,"column":2}},"loc":{"start":{"line":43,"column":8},"end":{"line":45,"column":2}},"line":43},"8":{"name":"calculateSalary","decl":{"start":{"line":47,"column":8},"end":{"line":49,"column":2}},"loc":{"start":{"line":47,"column":8},"end":{"line":49,"column":2}},"line":47}},"f":{"0":5,"1":7,"2":3,"3":2,"4":0,"5":0,"6":10,"7":0,"8":4}}
}
