TN:
SF:src\employeeManagementSystemRefactored.ts
FN:4,EmployeeManagementSystem
FN:6,addEmployee
FN:11,getEmployees
FN:15,calculateTotalPayroll
FN:24,generateReports
FN:29,promoteEmployee
FN:38,Employee
FN:43,getName
FN:47,calculateSalary
FNF:9
FNH:6
FNDA:5,EmployeeManagementSystem
FNDA:7,addEmployee
FNDA:3,getEmployees
FNDA:2,calculateTotalPayroll
FNDA:0,generateReports
FNDA:0,promoteEmployee
FNDA:10,Employee
FNDA:0,getName
FNDA:4,calculateSalary
DA:1,1
DA:2,1
DA:3,1
DA:4,1
DA:5,1
DA:6,1
DA:7,7
DA:8,7
DA:9,7
DA:10,1
DA:11,1
DA:12,3
DA:13,3
DA:14,1
DA:15,1
DA:16,2
DA:17,2
DA:18,2
DA:19,4
DA:20,4
DA:21,2
DA:22,2
DA:23,1
DA:24,1
DA:25,0
DA:26,0
DA:27,0
DA:28,1
DA:29,1
DA:30,0
DA:31,0
DA:32,1
DA:33,1
DA:34,1
DA:35,1
DA:36,1
DA:37,1
DA:38,1
DA:39,10
DA:40,10
DA:41,10
DA:42,1
DA:43,1
DA:44,0
DA:45,0
DA:46,1
DA:47,1
DA:48,4
DA:49,4
DA:50,1
LF:50
LH:43
BRDA:4,0,0,5
BRDA:6,1,0,7
BRDA:11,2,0,3
BRDA:15,3,0,2
BRDA:18,4,0,4
BRDA:38,5,0,10
BRDA:47,6,0,4
BRF:7
BRH:7
end_of_record
