TN:
SF:src\shoppingCartRefactored.ts
FN:4,ShoppingCart
FN:6,addItem
FN:10,getItems
FN:14,calculateTotal
FN:25,CartItem
FN:30,getProduct
FN:34,getPrice
FNF:7
FNH:6
FNDA:2,ShoppingCart
FNDA:3,addItem
FNDA:1,getItems
FNDA:1,calculateTotal
FNDA:4,CartItem
FNDA:0,getProduct
FNDA:2,getPrice
DA:1,1
DA:2,1
DA:3,1
DA:4,1
DA:5,1
DA:6,1
DA:7,3
DA:8,3
DA:9,1
DA:10,1
DA:11,1
DA:12,1
DA:13,1
DA:14,1
DA:15,1
DA:16,2
DA:17,1
DA:18,1
DA:19,1
DA:20,1
DA:21,1
DA:22,1
DA:23,1
DA:24,1
DA:25,1
DA:26,4
DA:27,4
DA:28,4
DA:29,1
DA:30,1
DA:31,0
DA:32,0
DA:33,1
DA:34,1
DA:35,2
DA:36,2
DA:37,1
LF:37
LH:35
BRDA:4,0,0,2
BRDA:6,1,0,3
BRDA:10,2,0,1
BRDA:14,3,0,1
BRDA:15,4,0,2
BRDA:25,5,0,4
BRDA:34,6,0,2
BRF:7
BRH:7
end_of_record
